  Main.cpp
C:\Users\kyler\OneDrive\Documents\School\Cpts122\PAs\PA8\Player.h(24,92): warning C4244: 'argument': conversion from 'double' to 'float', possible loss of data
C:\Users\kyler\OneDrive\Documents\School\Cpts122\PAs\PA8\Player.h(24,53): warning C4244: 'argument': conversion from 'double' to 'float', possible loss of data
C:\Users\kyler\OneDrive\Documents\School\Cpts122\PAs\PA8\Player.h(25,12): warning C4244: 'initializing': conversion from 'const T' to 'int', possible loss of data
          with
          [
              T=float
          ]
C:\Users\kyler\OneDrive\Documents\School\Cpts122\PAs\PA8\Player.h(26,12): warning C4244: 'initializing': conversion from 'const T' to 'int', possible loss of data
          with
          [
              T=float
          ]
C:\Users\kyler\OneDrive\Documents\School\Cpts122\PAs\PA8\Player.h(28,19): warning C4244: 'argument': conversion from 'int' to 'float', possible loss of data
C:\Users\kyler\OneDrive\Documents\School\Cpts122\PAs\PA8\Player.h(31,21): warning C4244: 'argument': conversion from 'int' to 'float', possible loss of data
C:\Users\kyler\OneDrive\Documents\School\Cpts122\PAs\PA8\Player.h(34,16): warning C4244: 'argument': conversion from 'int' to 'float', possible loss of data
C:\Users\kyler\OneDrive\Documents\School\Cpts122\PAs\PA8\Player.h(37,16): warning C4244: 'argument': conversion from 'int' to 'float', possible loss of data
C:\Users\kyler\OneDrive\Documents\School\Cpts122\PAs\PA8\Player.h(45,87): warning C4244: 'argument': conversion from 'double' to 'float', possible loss of data
C:\Users\kyler\OneDrive\Documents\School\Cpts122\PAs\PA8\Player.h(45,39): warning C4244: 'argument': conversion from 'double' to 'float', possible loss of data
C:\Users\kyler\OneDrive\Documents\School\Cpts122\PAs\PA8\AsteroidList.h(48,91): warning C4244: 'argument': conversion from 'double' to 'float', possible loss of data
C:\Users\kyler\OneDrive\Documents\School\Cpts122\PAs\PA8\AsteroidList.h(48,53): warning C4244: 'argument': conversion from 'double' to 'float', possible loss of data
C:\Users\kyler\OneDrive\Documents\School\Cpts122\PAs\PA8\AsteroidList.h(49,13): warning C4244: 'initializing': conversion from 'const T' to 'int', possible loss of data
          with
          [
              T=float
          ]
C:\Users\kyler\OneDrive\Documents\School\Cpts122\PAs\PA8\AsteroidList.h(50,13): warning C4244: 'initializing': conversion from 'const T' to 'int', possible loss of data
          with
          [
              T=float
          ]
C:\Users\kyler\OneDrive\Documents\School\Cpts122\PAs\PA8\AsteroidList.h(52,36): warning C4244: 'argument': conversion from 'int' to 'float', possible loss of data
C:\Users\kyler\OneDrive\Documents\School\Cpts122\PAs\PA8\AsteroidList.h(55,38): warning C4244: 'argument': conversion from 'int' to 'float', possible loss of data
C:\Users\kyler\OneDrive\Documents\School\Cpts122\PAs\PA8\AsteroidList.h(58,33): warning C4244: 'argument': conversion from 'int' to 'float', possible loss of data
C:\Users\kyler\OneDrive\Documents\School\Cpts122\PAs\PA8\AsteroidList.h(61,33): warning C4244: 'argument': conversion from 'int' to 'float', possible loss of data
C:\Users\kyler\OneDrive\Documents\School\Cpts122\PAs\PA8\AsteroidManager.h(22,13): warning C4244: 'argument': conversion from 'time_t' to 'unsigned int', possible loss of data
C:\Users\kyler\OneDrive\Documents\School\Cpts122\PAs\PA8\AsteroidManager.h(39,33): warning C4244: 'argument': conversion from 'int' to 'float', possible loss of data
C:\Users\kyler\OneDrive\Documents\School\Cpts122\PAs\PA8\AsteroidManager.h(41,25): warning C4244: 'argument': conversion from 'int' to 'float', possible loss of data
C:\Users\kyler\OneDrive\Documents\School\Cpts122\PAs\PA8\AsteroidManager.h(43,26): warning C4244: 'argument': conversion from 'int' to 'float', possible loss of data
C:\Users\kyler\OneDrive\Documents\School\Cpts122\PAs\PA8\AsteroidManager.h(46,29): warning C4244: 'argument': conversion from 'int' to 'float', possible loss of data
C:\Users\kyler\OneDrive\Documents\School\Cpts122\PAs\PA8\AsteroidManager.h(49,26): warning C4244: 'argument': conversion from 'int' to 'float', possible loss of data
C:\Users\kyler\OneDrive\Documents\School\Cpts122\PAs\PA8\AsteroidManager.h(52,31): warning C4244: 'argument': conversion from 'int' to 'float', possible loss of data
C:\Users\kyler\OneDrive\Documents\School\Cpts122\PAs\PA8\Main.cpp(103,117): warning C4244: 'argument': conversion from 'double' to 'float', possible loss of data
C:\Users\kyler\OneDrive\Documents\School\Cpts122\PAs\PA8\Main.cpp(103,58): warning C4244: 'argument': conversion from 'double' to 'float', possible loss of data
  PA8.vcxproj -> C:\Users\kyler\OneDrive\Documents\School\Cpts122\PAs\PA8\Debug\PA8.exe
